<?xml version="1.0" encoding="UTF-8"?>
<!-- Generated by org.testng.reporters.JUnitReportReporter -->
<testsuite hostname="CNjytu.local" failures="0" tests="1" name="org.example.demo1" time="27.081" errors="0" timestamp="2020-06-05T14:55:07 CST" skipped="0">
  <testcase classname="org.example.demo1" name="sampleTest" time="27.081"/>
  <system-out/>
</testsuite> <!-- org.example.demo1 -->
